<?xml version="1.0" encoding="UTF-8"?>
<coverage generated="1765312335">
  <project timestamp="1765312335">
    <file name="/home/ck/git/shift8-projects/shift8.local/wp-content/plugins/shift8-cdn/components/enqueuing.php">
      <line num="9" type="stmt" count="0"/>
      <line num="10" type="stmt" count="0"/>
      <line num="16" type="stmt" count="0"/>
      <line num="17" type="stmt" count="0"/>
      <line num="19" type="stmt" count="0"/>
      <line num="20" type="stmt" count="0"/>
      <line num="21" type="stmt" count="0"/>
      <line num="22" type="stmt" count="0"/>
      <line num="24" type="stmt" count="0"/>
      <metrics loc="25" ncloc="17" classes="0" methods="0" coveredmethods="0" conditionals="0" coveredconditionals="0" statements="9" coveredstatements="0" elements="9" coveredelements="0"/>
    </file>
    <file name="/home/ck/git/shift8-projects/shift8.local/wp-content/plugins/shift8-cdn/components/functions.php">
      <line num="15" type="stmt" count="3"/>
      <line num="16" type="stmt" count="2"/>
      <line num="17" type="stmt" count="2"/>
      <line num="18" type="stmt" count="2"/>
      <line num="20" type="stmt" count="1"/>
      <line num="26" type="stmt" count="2"/>
      <line num="27" type="stmt" count="1"/>
      <line num="28" type="stmt" count="1"/>
      <line num="30" type="stmt" count="1"/>
      <line num="38" type="stmt" count="1"/>
      <line num="39" type="stmt" count="0"/>
      <line num="42" type="stmt" count="0"/>
      <line num="43" type="stmt" count="0"/>
      <line num="44" type="stmt" count="0"/>
      <line num="46" type="stmt" count="0"/>
      <line num="47" type="stmt" count="0"/>
      <line num="48" type="stmt" count="0"/>
      <line num="50" type="stmt" count="0"/>
      <line num="51" type="stmt" count="0"/>
      <line num="52" type="stmt" count="0"/>
      <line num="54" type="stmt" count="0"/>
      <line num="55" type="stmt" count="0"/>
      <line num="56" type="stmt" count="0"/>
      <line num="58" type="stmt" count="0"/>
      <line num="64" type="stmt" count="4"/>
      <line num="65" type="stmt" count="3"/>
      <line num="66" type="stmt" count="3"/>
      <line num="67" type="stmt" count="3"/>
      <line num="69" type="stmt" count="3"/>
      <line num="70" type="stmt" count="3"/>
      <line num="73" type="stmt" count="3"/>
      <line num="74" type="stmt" count="3"/>
      <line num="75" type="stmt" count="3"/>
      <line num="78" type="stmt" count="3"/>
      <line num="80" type="stmt" count="2"/>
      <line num="81" type="stmt" count="2"/>
      <line num="82" type="stmt" count="2"/>
      <line num="83" type="stmt" count="2"/>
      <line num="84" type="stmt" count="2"/>
      <line num="85" type="stmt" count="2"/>
      <line num="86" type="stmt" count="2"/>
      <line num="87" type="stmt" count="2"/>
      <line num="88" type="stmt" count="2"/>
      <line num="89" type="stmt" count="2"/>
      <line num="90" type="stmt" count="2"/>
      <line num="91" type="stmt" count="2"/>
      <line num="92" type="stmt" count="2"/>
      <line num="94" type="stmt" count="1"/>
      <line num="96" type="stmt" count="1"/>
      <line num="97" type="stmt" count="1"/>
      <line num="98" type="stmt" count="1"/>
      <line num="99" type="stmt" count="1"/>
      <line num="100" type="stmt" count="1"/>
      <line num="101" type="stmt" count="1"/>
      <line num="102" type="stmt" count="1"/>
      <line num="103" type="stmt" count="1"/>
      <line num="104" type="stmt" count="1"/>
      <line num="105" type="stmt" count="1"/>
      <line num="106" type="stmt" count="1"/>
      <line num="107" type="stmt" count="1"/>
      <line num="108" type="stmt" count="1"/>
      <line num="112" type="stmt" count="3"/>
      <line num="113" type="stmt" count="2"/>
      <line num="116" type="stmt" count="2"/>
      <line num="117" type="stmt" count="0"/>
      <line num="118" type="stmt" count="0"/>
      <line num="122" type="stmt" count="2"/>
      <line num="123" type="stmt" count="1"/>
      <line num="124" type="stmt" count="1"/>
      <line num="125" type="stmt" count="1"/>
      <line num="128" type="stmt" count="1"/>
      <line num="129" type="stmt" count="1"/>
      <line num="130" type="stmt" count="1"/>
      <line num="132" type="stmt" count="1"/>
      <line num="133" type="stmt" count="1"/>
      <line num="134" type="stmt" count="1"/>
      <line num="135" type="stmt" count="1"/>
      <line num="137" type="stmt" count="0"/>
      <line num="139" type="stmt" count="1"/>
      <line num="140" type="stmt" count="1"/>
      <line num="141" type="stmt" count="1"/>
      <line num="142" type="stmt" count="1"/>
      <line num="143" type="stmt" count="1"/>
      <line num="145" type="stmt" count="0"/>
      <line num="146" type="stmt" count="0"/>
      <line num="147" type="stmt" count="0"/>
      <line num="152" type="stmt" count="1"/>
      <line num="153" type="stmt" count="1"/>
      <line num="154" type="stmt" count="1"/>
      <line num="156" type="stmt" count="0"/>
      <line num="164" type="stmt" count="0"/>
      <line num="166" type="stmt" count="0"/>
      <line num="167" type="stmt" count="0"/>
      <line num="169" type="stmt" count="0"/>
      <line num="170" type="stmt" count="0"/>
      <line num="171" type="stmt" count="0"/>
      <line num="172" type="stmt" count="0"/>
      <line num="174" type="stmt" count="0"/>
      <line num="175" type="stmt" count="0"/>
      <line num="176" type="stmt" count="0"/>
      <line num="178" type="stmt" count="0"/>
      <line num="186" type="stmt" count="1"/>
      <line num="188" type="stmt" count="1"/>
      <line num="189" type="stmt" count="1"/>
      <line num="190" type="stmt" count="1"/>
      <line num="191" type="stmt" count="1"/>
      <line num="192" type="stmt" count="1"/>
      <line num="202" type="stmt" count="0"/>
      <line num="203" type="stmt" count="0"/>
      <line num="205" type="stmt" count="0"/>
      <line num="206" type="stmt" count="0"/>
      <line num="207" type="stmt" count="0"/>
      <line num="208" type="stmt" count="0"/>
      <line num="210" type="stmt" count="0"/>
      <line num="211" type="stmt" count="0"/>
      <line num="217" type="stmt" count="1"/>
      <line num="218" type="stmt" count="1"/>
      <line num="219" type="stmt" count="0"/>
      <line num="221" type="stmt" count="1"/>
      <line num="224" type="stmt" count="1"/>
      <line num="225" type="stmt" count="0"/>
      <line num="227" type="stmt" count="1"/>
      <line num="230" type="stmt" count="1"/>
      <line num="231" type="stmt" count="0"/>
      <line num="233" type="stmt" count="1"/>
      <line num="234" type="stmt" count="1"/>
      <line num="235" type="stmt" count="1"/>
      <line num="236" type="stmt" count="1"/>
      <line num="237" type="stmt" count="1"/>
      <line num="238" type="stmt" count="1"/>
      <line num="239" type="stmt" count="1"/>
      <line num="240" type="stmt" count="1"/>
      <line num="242" type="stmt" count="0"/>
      <line num="245" type="stmt" count="1"/>
      <line num="249" type="stmt" count="1"/>
      <line num="250" type="stmt" count="0"/>
      <line num="252" type="stmt" count="1"/>
      <line num="256" type="stmt" count="1"/>
      <line num="257" type="stmt" count="1"/>
      <line num="258" type="stmt" count="1"/>
      <line num="260" type="stmt" count="1"/>
      <line num="261" type="stmt" count="1"/>
      <line num="262" type="stmt" count="1"/>
      <line num="263" type="stmt" count="1"/>
      <line num="264" type="stmt" count="1"/>
      <line num="265" type="stmt" count="1"/>
      <line num="273" type="stmt" count="1"/>
      <line num="274" type="stmt" count="1"/>
      <line num="277" type="stmt" count="1"/>
      <line num="278" type="stmt" count="1"/>
      <line num="279" type="stmt" count="1"/>
      <line num="280" type="stmt" count="1"/>
      <line num="281" type="stmt" count="1"/>
      <line num="282" type="stmt" count="1"/>
      <line num="283" type="stmt" count="1"/>
      <line num="284" type="stmt" count="1"/>
      <line num="285" type="stmt" count="1"/>
      <line num="286" type="stmt" count="1"/>
      <line num="287" type="stmt" count="1"/>
      <line num="288" type="stmt" count="1"/>
      <line num="290" type="stmt" count="1"/>
      <line num="291" type="stmt" count="1"/>
      <line num="292" type="stmt" count="1"/>
      <line num="296" type="stmt" count="0"/>
      <line num="297" type="stmt" count="0"/>
      <line num="298" type="stmt" count="0"/>
      <line num="299" type="stmt" count="0"/>
      <line num="300" type="stmt" count="0"/>
      <line num="301" type="stmt" count="0"/>
      <line num="302" type="stmt" count="0"/>
      <line num="303" type="stmt" count="0"/>
      <line num="304" type="stmt" count="0"/>
      <line num="305" type="stmt" count="0"/>
      <line num="306" type="stmt" count="0"/>
      <line num="307" type="stmt" count="0"/>
      <line num="308" type="stmt" count="0"/>
      <line num="309" type="stmt" count="0"/>
      <line num="310" type="stmt" count="0"/>
      <line num="311" type="stmt" count="0"/>
      <metrics loc="322" ncloc="286" classes="0" methods="0" coveredmethods="0" conditionals="0" coveredconditionals="0" statements="179" coveredstatements="118" elements="179" coveredelements="118"/>
    </file>
    <file name="/home/ck/git/shift8-projects/shift8.local/wp-content/plugins/shift8-cdn/components/settings.php">
      <line num="15" type="stmt" count="0"/>
      <line num="18" type="stmt" count="0"/>
      <line num="23" type="stmt" count="0"/>
      <line num="30" type="stmt" count="0"/>
      <line num="31" type="stmt" count="0"/>
      <line num="33" type="stmt" count="0"/>
      <line num="35" type="stmt" count="0"/>
      <line num="41" type="stmt" count="0"/>
      <line num="42" type="stmt" count="0"/>
      <line num="43" type="stmt" count="0"/>
      <line num="44" type="stmt" count="0"/>
      <line num="45" type="stmt" count="0"/>
      <line num="46" type="stmt" count="0"/>
      <line num="47" type="stmt" count="0"/>
      <line num="48" type="stmt" count="0"/>
      <line num="51" type="stmt" count="0"/>
      <line num="52" type="stmt" count="0"/>
      <line num="59" type="stmt" count="0"/>
      <line num="60" type="stmt" count="0"/>
      <line num="61" type="stmt" count="0"/>
      <line num="62" type="stmt" count="0"/>
      <line num="63" type="stmt" count="0"/>
      <line num="64" type="stmt" count="0"/>
      <line num="65" type="stmt" count="0"/>
      <line num="66" type="stmt" count="0"/>
      <line num="69" type="stmt" count="0"/>
      <line num="71" type="stmt" count="0"/>
      <line num="78" type="stmt" count="0"/>
      <line num="80" type="stmt" count="0"/>
      <line num="86" type="stmt" count="4"/>
      <line num="87" type="stmt" count="3"/>
      <line num="88" type="stmt" count="3"/>
      <line num="89" type="stmt" count="3"/>
      <line num="91" type="stmt" count="1"/>
      <line num="92" type="stmt" count="1"/>
      <line num="93" type="stmt" count="1"/>
      <line num="94" type="stmt" count="1"/>
      <line num="95" type="stmt" count="1"/>
      <line num="102" type="stmt" count="6"/>
      <line num="103" type="stmt" count="5"/>
      <line num="104" type="stmt" count="4"/>
      <line num="105" type="stmt" count="3"/>
      <line num="107" type="stmt" count="2"/>
      <line num="112" type="stmt" count="31"/>
      <line num="113" type="stmt" count="31"/>
      <line num="114" type="stmt" count="31"/>
      <line num="115" type="stmt" count="31"/>
      <line num="116" type="stmt" count="31"/>
      <line num="117" type="stmt" count="31"/>
      <line num="118" type="stmt" count="31"/>
      <line num="120" type="stmt" count="31"/>
      <line num="126" type="stmt" count="35"/>
      <line num="127" type="stmt" count="33"/>
      <line num="128" type="stmt" count="32"/>
      <line num="129" type="stmt" count="3"/>
      <line num="131" type="stmt" count="0"/>
      <line num="136" type="stmt" count="5"/>
      <line num="138" type="stmt" count="5"/>
      <line num="139" type="stmt" count="1"/>
      <line num="143" type="stmt" count="4"/>
      <line num="144" type="stmt" count="1"/>
      <line num="145" type="stmt" count="3"/>
      <line num="146" type="stmt" count="1"/>
      <line num="148" type="stmt" count="2"/>
      <line num="155" type="stmt" count="3"/>
      <line num="157" type="stmt" count="3"/>
      <line num="158" type="stmt" count="3"/>
      <line num="160" type="stmt" count="0"/>
      <line num="163" type="stmt" count="3"/>
      <line num="164" type="stmt" count="3"/>
      <line num="166" type="stmt" count="3"/>
      <line num="167" type="stmt" count="1"/>
      <line num="171" type="stmt" count="2"/>
      <line num="173" type="stmt" count="2"/>
      <line num="175" type="stmt" count="2"/>
      <line num="176" type="stmt" count="2"/>
      <line num="177" type="stmt" count="2"/>
      <line num="178" type="stmt" count="2"/>
      <line num="179" type="stmt" count="2"/>
      <line num="180" type="stmt" count="2"/>
      <line num="181" type="stmt" count="2"/>
      <line num="183" type="stmt" count="2"/>
      <line num="184" type="stmt" count="2"/>
      <line num="186" type="stmt" count="2"/>
      <line num="189" type="stmt" count="2"/>
      <line num="192" type="stmt" count="2"/>
      <line num="198" type="stmt" count="0"/>
      <line num="200" type="stmt" count="0"/>
      <line num="201" type="stmt" count="0"/>
      <line num="204" type="stmt" count="0"/>
      <line num="205" type="stmt" count="0"/>
      <line num="208" type="stmt" count="0"/>
      <line num="209" type="stmt" count="0"/>
      <line num="211" type="stmt" count="0"/>
      <line num="212" type="stmt" count="0"/>
      <line num="216" type="stmt" count="0"/>
      <line num="220" type="stmt" count="0"/>
      <line num="221" type="stmt" count="0"/>
      <line num="222" type="stmt" count="0"/>
      <line num="223" type="stmt" count="0"/>
      <line num="224" type="stmt" count="0"/>
      <line num="225" type="stmt" count="0"/>
      <line num="226" type="stmt" count="0"/>
      <line num="228" type="stmt" count="0"/>
      <line num="229" type="stmt" count="0"/>
      <line num="231" type="stmt" count="0"/>
      <line num="234" type="stmt" count="0"/>
      <line num="237" type="stmt" count="0"/>
      <metrics loc="239" ncloc="200" classes="0" methods="0" coveredmethods="0" conditionals="0" coveredconditionals="0" statements="108" coveredstatements="55" elements="108" coveredelements="55"/>
    </file>
    <file name="/home/ck/git/shift8-projects/shift8.local/wp-content/plugins/shift8-cdn/components/wp-cli.php">
      <class name="WDS_CLI" namespace="global">
        <metrics complexity="13" methods="3" coveredmethods="3" conditionals="0" coveredconditionals="0" statements="34" coveredstatements="34" elements="37" coveredelements="37"/>
      </class>
      <line num="21" type="method" name="enable" visibility="public" complexity="3" crap="3" count="3"/>
      <line num="23" type="stmt" count="3"/>
      <line num="24" type="stmt" count="1"/>
      <line num="25" type="stmt" count="1"/>
      <line num="27" type="stmt" count="2"/>
      <line num="37" type="method" name="disable" visibility="public" complexity="3" crap="3" count="3"/>
      <line num="39" type="stmt" count="3"/>
      <line num="40" type="stmt" count="1"/>
      <line num="41" type="stmt" count="1"/>
      <line num="43" type="stmt" count="2"/>
      <line num="53" type="method" name="flush" visibility="public" complexity="7" crap="7" count="5"/>
      <line num="55" type="stmt" count="5"/>
      <line num="56" type="stmt" count="3"/>
      <line num="57" type="stmt" count="3"/>
      <line num="60" type="stmt" count="3"/>
      <line num="61" type="stmt" count="3"/>
      <line num="62" type="stmt" count="3"/>
      <line num="64" type="stmt" count="3"/>
      <line num="65" type="stmt" count="3"/>
      <line num="66" type="stmt" count="3"/>
      <line num="67" type="stmt" count="3"/>
      <line num="68" type="stmt" count="3"/>
      <line num="69" type="stmt" count="3"/>
      <line num="70" type="stmt" count="3"/>
      <line num="71" type="stmt" count="3"/>
      <line num="72" type="stmt" count="3"/>
      <line num="73" type="stmt" count="3"/>
      <line num="74" type="stmt" count="3"/>
      <line num="75" type="stmt" count="3"/>
      <line num="76" type="stmt" count="3"/>
      <line num="77" type="stmt" count="3"/>
      <line num="78" type="stmt" count="1"/>
      <line num="79" type="stmt" count="1"/>
      <line num="81" type="stmt" count="2"/>
      <line num="82" type="stmt" count="1"/>
      <line num="84" type="stmt" count="1"/>
      <line num="88" type="stmt" count="2"/>
      <metrics loc="101" ncloc="67" classes="1" methods="3" coveredmethods="3" conditionals="0" coveredconditionals="0" statements="34" coveredstatements="34" elements="37" coveredelements="37"/>
    </file>
    <file name="/home/ck/git/shift8-projects/shift8.local/wp-content/plugins/shift8-cdn/inc/shift8_cdn_rewrite.class.php">
      <class name="Shift8_CDN" namespace="global">
        <metrics complexity="34" methods="10" coveredmethods="7" conditionals="0" coveredconditionals="0" statements="59" coveredstatements="55" elements="69" coveredelements="62"/>
      </class>
      <line num="27" type="method" name="__construct" visibility="public" complexity="3" crap="3.01" count="28"/>
      <line num="29" type="stmt" count="28"/>
      <line num="30" type="stmt" count="28"/>
      <line num="31" type="stmt" count="28"/>
      <line num="32" type="stmt" count="28"/>
      <line num="33" type="stmt" count="28"/>
      <line num="36" type="stmt" count="28"/>
      <line num="37" type="stmt" count="1"/>
      <line num="38" type="stmt" count="27"/>
      <line num="39" type="stmt" count="0"/>
      <line num="41" type="stmt" count="27"/>
      <line num="53" type="method" name="filter" visibility="public" complexity="1" crap="2" count="0"/>
      <line num="56" type="stmt" count="0"/>
      <line num="57" type="stmt" count="0"/>
      <line num="65" type="method" name="rewrite" visibility="public" complexity="4" crap="4" count="9"/>
      <line num="66" type="stmt" count="9"/>
      <line num="67" type="stmt" count="9"/>
      <line num="68" type="stmt" count="9"/>
      <line num="70" type="stmt" count="9"/>
      <line num="71" type="stmt" count="9"/>
      <line num="72" type="stmt" count="9"/>
      <line num="73" type="stmt" count="8"/>
      <line num="74" type="stmt" count="8"/>
      <line num="75" type="stmt" count="8"/>
      <line num="80" type="stmt" count="9"/>
      <line num="81" type="stmt" count="9"/>
      <line num="82" type="stmt" count="9"/>
      <line num="88" type="method" name="template_redirect" visibility="public" complexity="1" crap="2" count="0"/>
      <line num="89" type="stmt" count="0"/>
      <line num="106" type="method" name="rewrite_srcset" visibility="public" complexity="5" crap="5" count="1"/>
      <line num="107" type="stmt" count="1"/>
      <line num="108" type="stmt" count="1"/>
      <line num="111" type="stmt" count="1"/>
      <line num="112" type="stmt" count="1"/>
      <line num="125" type="method" name="cdn_script_loader_src" visibility="public" complexity="3" crap="3" count="1"/>
      <line num="126" type="stmt" count="1"/>
      <line num="127" type="stmt" count="1"/>
      <line num="140" type="method" name="is_excluded" visibility="public" complexity="10" crap="10" count="20"/>
      <line num="144" type="stmt" count="8"/>
      <line num="149" type="stmt" count="20"/>
      <line num="150" type="stmt" count="20"/>
      <line num="151" type="stmt" count="20"/>
      <line num="152" type="stmt" count="1"/>
      <line num="153" type="stmt" count="1"/>
      <line num="157" type="stmt" count="3"/>
      <line num="161" type="stmt" count="1"/>
      <line num="165" type="stmt" count="1"/>
      <line num="177" type="method" name="matchURL" visibility="public" complexity="1" crap="1" count="9"/>
      <line num="179" type="stmt" count="9"/>
      <line num="180" type="stmt" count="9"/>
      <line num="181" type="stmt" count="9"/>
      <line num="182" type="stmt" count="9"/>
      <line num="183" type="stmt" count="9"/>
      <line num="184" type="stmt" count="9"/>
      <line num="198" type="method" name="get_excluded_files" visibility="private" complexity="2" crap="2" count="24"/>
      <line num="199" type="stmt" count="24"/>
      <line num="202" type="stmt" count="24"/>
      <line num="208" type="stmt" count="9"/>
      <line num="209" type="stmt" count="9"/>
      <line num="210" type="stmt" count="9"/>
      <line num="212" type="stmt" count="9"/>
      <line num="213" type="stmt" count="9"/>
      <line num="214" type="stmt" count="9"/>
      <line num="235" type="method" name="get_allowed_paths" visibility="private" complexity="2" crap="2" count="9"/>
      <line num="236" type="stmt" count="9"/>
      <line num="237" type="stmt" count="9"/>
      <line num="239" type="stmt" count="9"/>
      <line num="240" type="stmt" count="9"/>
      <line num="243" type="stmt" count="9"/>
      <metrics loc="253" ncloc="175" classes="1" methods="10" coveredmethods="7" conditionals="0" coveredconditionals="0" statements="59" coveredstatements="55" elements="69" coveredelements="62"/>
    </file>
    <metrics files="5" loc="940" ncloc="745" classes="2" methods="13" coveredmethods="10" conditionals="0" coveredconditionals="0" statements="389" coveredstatements="262" elements="402" coveredelements="272"/>
  </project>
</coverage>
